<?xml version="1.0" encoding="UTF-8"?>
<testsuite xmlns:xsi="http://www.w3.org/2001/XMLSchema-instance" xsi:noNamespaceSchemaLocation="https://maven.apache.org/surefire/maven-surefire-plugin/xsd/surefire-test-report-3.0.xsd" version="3.0" name="br.pucrs.verival.RecruitmentJourneyTest" time="57.05" tests="3" errors="0" skipped="0" failures="0">
  <properties>
[...]
</properties>
  <testcase name="adminCadastraVaga" classname="br.pucrs.verival.RecruitmentJourneyTest" time="26.343"/>
  <testcase name="candidatoSeInscreve" classname="br.pucrs.verival.RecruitmentJourneyTest" time="16.062"/>
  <testcase name="adminAvancaCandidatoNasEtapas" classname="br.pucrs.verival.RecruitmentJourneyTest" time="1.991"/>
</testsuite>