<?xml version="1.0" encoding="UTF-8"?>
<testsuite xmlns:xsi="http://www.w3.org/2001/XMLSchema-instance" xsi:noNamespaceSchemaLocation="https://maven.apache.org/surefire/maven-surefire-plugin/xsd/surefire-test-report-3.0.xsd" version="3.0" name="br.pucrs.verival.EmployeeTest" time="0.057" tests="12" errors="0" skipped="0" failures="0">
  <properties>
[...]
</properties>
  <testcase name="employeeIdValido_deveCriarFuncionario" classname="br.pucrs.verival.EmployeeTest" time="0.021"/>
  <testcase name="departmentVazio_deveLancarExcecao" classname="br.pucrs.verival.EmployeeTest" time="0.002"/>
  <testcase name="firstNameDoisCaracteres_deveCriarFuncionario" classname="br.pucrs.verival.EmployeeTest" time="0.001"/>
  <testcase name="employeeIdVazio_deveLancarExcecao" classname="br.pucrs.verival.EmployeeTest" time="0.0"/>
  <testcase name="jobTitleVazio_deveLancarExcecao" classname="br.pucrs.verival.EmployeeTest" time="0.001"/>
  <testcase name="lastNameUmCaractere_deveLancarExcecao" classname="br.pucrs.verival.EmployeeTest" time="0.001"/>
  <testcase name="firstNameCentoEUmCaracteres_deveLancarExcecao" classname="br.pucrs.verival.EmployeeTest" time="0.002"/>
  <testcase name="lastNameVazio_deveLancarExcecao" classname="br.pucrs.verival.EmployeeTest" time="0.004"/>
  <testcase name="firstNameCemCaracteres_deveCriarFuncionario" classname="br.pucrs.verival.EmployeeTest" time="0.001"/>
  <testcase name="firstNameVazio_deveLancarExcecao" classname="br.pucrs.verival.EmployeeTest" time="0.001"/>
  <testcase name="funcionarioComTodosOsDadosValidos_deveCriarComSucesso" classname="br.pucrs.verival.EmployeeTest" time="0.002"/>
  <testcase name="firstNameUmCaractere_deveLancarExcecao" classname="br.pucrs.verival.EmployeeTest" time="0.001"/>
</testsuite>